<?xml version="1.0" encoding="UTF-8"?>
<testsuite name="javagradle.AppTest" tests="1" skipped="0" failures="0" errors="0" timestamp="2023-10-20T16:08:51" hostname="VIETNAM-4228" time="0.06">
  <properties/>
  <testcase name="appHasAGreeting()" classname="javagradle.AppTest" time="0.06"/>
  <system-out><![CDATA[]]></system-out>
  <system-err><![CDATA[]]></system-err>
</testsuite>
